[debug] [2025-12-06T09:36:12.552Z] ----------------------------------------------------------------------
[debug] [2025-12-06T09:36:12.554Z] Command:       /opt/homebrew/Cellar/node/25.2.1/bin/node /opt/homebrew/bin/firebase init
[debug] [2025-12-06T09:36:12.554Z] CLI Version:   14.27.0
[debug] [2025-12-06T09:36:12.554Z] Platform:      darwin
[debug] [2025-12-06T09:36:12.554Z] Node Version:  v25.2.1
[debug] [2025-12-06T09:36:12.554Z] Time:          Sat Dec 06 2025 09:36:12 GMT+0000 (Greenwich Mean Time)
[debug] [2025-12-06T09:36:12.554Z] ----------------------------------------------------------------------
[debug] 
[debug] [2025-12-06T09:36:12.555Z] >>> [apiv2][query] GET https://firebase-public.firebaseio.com/cli.json [none]
[info] 
     ######## #### ########  ######## ########     ###     ######  ########
     ##        ##  ##     ## ##       ##     ##  ##   ##  ##       ##
     ######    ##  ########  ######   ########  #########  ######  ######
     ##        ##  ##    ##  ##       ##     ## ##     ##       ## ##
     ##       #### ##     ## ######## ########  ##     ##  ######  ########

You're about to initialize a Firebase project in this directory:

  /Users/yuyiheng/Documents/Coding_Scripts/blogging/personal-website

[debug] [2025-12-06T09:36:12.811Z] <<< [apiv2][status] GET https://firebase-public.firebaseio.com/cli.json 200
[debug] [2025-12-06T09:36:12.812Z] <<< [apiv2][body] GET https://firebase-public.firebaseio.com/cli.json {"cloudBuildErrorAfter":1594252800000,"cloudBuildWarnAfter":1590019200000,"defaultNode10After":1594252800000,"minVersion":"3.0.5","node8DeploysDisabledAfter":1613390400000,"node8RuntimeDisabledAfter":1615809600000,"node8WarnAfter":1600128000000}
[info] 
=== Project Setup
[info] 
[info] First, let's associate this project directory with a Firebase project.
[info] You can create multiple project aliases by running firebase use --add, 
[info] 
[debug] [2025-12-06T09:37:30.717Z] > command requires scopes: ["email","openid","https://www.googleapis.com/auth/cloudplatformprojects.readonly","https://www.googleapis.com/auth/firebase","https://www.googleapis.com/auth/cloud-platform"]
[debug] [2025-12-06T09:37:30.722Z] > authorizing via signed-in user (yuyiheng1994@gmail.com)
[debug] [2025-12-06T09:37:30.725Z] Checked if tokens are valid: false, expires at: 1763437715196
[debug] [2025-12-06T09:37:30.725Z] Checked if tokens are valid: false, expires at: 1763437715196
[debug] [2025-12-06T09:37:30.726Z] > refreshing access token with scopes: []
[debug] [2025-12-06T09:37:30.733Z] >>> [apiv2][query] POST https://www.googleapis.com/oauth2/v3/token [none]
[debug] [2025-12-06T09:37:30.733Z] >>> [apiv2][body] POST https://www.googleapis.com/oauth2/v3/token [omitted]
[debug] [2025-12-06T09:37:30.840Z] <<< [apiv2][status] POST https://www.googleapis.com/oauth2/v3/token 200
[debug] [2025-12-06T09:37:30.840Z] <<< [apiv2][body] POST https://www.googleapis.com/oauth2/v3/token [omitted]
[debug] [2025-12-06T09:37:30.855Z] >>> [apiv2][query] GET https://firebase.googleapis.com/v1beta1/projects pageSize=100
[debug] [2025-12-06T09:37:31.342Z] <<< [apiv2][status] GET https://firebase.googleapis.com/v1beta1/projects 200
[debug] [2025-12-06T09:37:31.342Z] <<< [apiv2][body] GET https://firebase.googleapis.com/v1beta1/projects [omitted]
[info] 
=== Firestore Setup
[info] i  firestore: ensuring required API firestore.googleapis.com is enabled... 
[debug] [2025-12-06T09:37:35.520Z] Checked if tokens are valid: true, expires at: 1765017449840
[debug] [2025-12-06T09:37:35.520Z] Checked if tokens are valid: true, expires at: 1765017449840
[debug] [2025-12-06T09:37:35.520Z] >>> [apiv2][query] GET https://serviceusage.googleapis.com/v1/projects/yiheng-blog-stats/services/firestore.googleapis.com [none]
[debug] [2025-12-06T09:37:35.520Z] >>> [apiv2][(partial)header] GET https://serviceusage.googleapis.com/v1/projects/yiheng-blog-stats/services/firestore.googleapis.com x-goog-quota-user=projects/yiheng-blog-stats
[debug] [2025-12-06T09:37:36.352Z] <<< [apiv2][status] GET https://serviceusage.googleapis.com/v1/projects/yiheng-blog-stats/services/firestore.googleapis.com 200
[debug] [2025-12-06T09:37:36.352Z] <<< [apiv2][body] GET https://serviceusage.googleapis.com/v1/projects/yiheng-blog-stats/services/firestore.googleapis.com [omitted]
[info] ✔  firestore: required API firestore.googleapis.com is enabled 
[debug] [2025-12-06T09:37:36.361Z] Checked if tokens are valid: true, expires at: 1765017449840
[debug] [2025-12-06T09:37:36.362Z] Checked if tokens are valid: true, expires at: 1765017449840
[debug] [2025-12-06T09:37:36.362Z] >>> [apiv2][query] GET https://firestore.googleapis.com/v1/projects/yiheng-blog-stats/databases [none]
[debug] [2025-12-06T09:37:36.976Z] <<< [apiv2][status] GET https://firestore.googleapis.com/v1/projects/yiheng-blog-stats/databases 200
[debug] [2025-12-06T09:37:36.976Z] <<< [apiv2][body] GET https://firestore.googleapis.com/v1/projects/yiheng-blog-stats/databases {"databases":[{"name":"projects/yiheng-blog-stats/databases/(default)","uid":"5d372147-3292-4c28-acb3-6cf15b788cbe","createTime":"2025-11-20T21:41:47.054161Z","updateTime":"2025-11-20T21:41:47.054161Z","locationId":"nam5","type":"FIRESTORE_NATIVE","concurrencyMode":"PESSIMISTIC","versionRetentionPeriod":"3600s","earliestVersionTime":"2025-12-06T08:37:36.939660Z","appEngineIntegrationMode":"DISABLED","keyPrefix":"s","pointInTimeRecoveryEnablement":"POINT_IN_TIME_RECOVERY_DISABLED","deleteProtectionState":"DELETE_PROTECTION_DISABLED","databaseEdition":"STANDARD","freeTier":true,"realtimeUpdatesMode":"REALTIME_UPDATES_MODE_ENABLED","etag":"IO22zP/UqJEDMNHlm+LqgZED"}]}
[info] 
[info] Firestore Security Rules allow you to define how and when to allow
[info] requests. You can keep these rules in your project directory
[info] and publish them with firebase deploy.
[info] 
[debug] [2025-12-06T09:37:56.935Z] ExitPromptError: User force closed the prompt with SIGINT
    at Interface.sigint (/opt/homebrew/Cellar/firebase-cli/14.27.0/libexec/lib/node_modules/firebase-tools/node_modules/@inquirer/core/dist/commonjs/lib/create-prompt.js:101:37)
    at Interface.emit (node:events:508:28)
    at Interface.emit (node:domain:489:12)
    at [_ttyWrite] [as _ttyWrite] (node:internal/readline/interface:1327:18)
    at ReadStream.onkeypress (node:internal/readline/interface:284:20)
    at ReadStream.emit (node:events:520:35)
    at ReadStream.emit (node:domain:489:12)
    at emitKeys (node:internal/readline/utils:371:14)
    at emitKeys.next (<anonymous>)
    at ReadStream.onData (node:internal/readline/emitKeypressEvents:64:36)
[error] 
[error] Error: An unexpected error has occurred.
